<?xml version="1.0" encoding="UTF-8"?>
<!-- Generated by org.testng.reporters.JUnitReportReporter -->
<testsuite hostname="DESKTOP-4741PMD" failures="0" tests="2" name="menuKategoriAndProduct.AddKategoriAndProductBulk" time="162.660" errors="0" timestamp="2021-07-05T17:22:47 WIB" skipped="0">
  <testcase classname="menuKategoriAndProduct.AddKategoriAndProductBulk" name="loginAdmin" time="6.625"/>
  <system-out/>
  <testcase classname="menuKategoriAndProduct.AddKategoriAndProductBulk" name="addKategoriproduct" time="156.035"/>
  <system-out/>
</testsuite> <!-- menuKategoriAndProduct.AddKategoriAndProductBulk -->
