<?xml version="1.0" encoding="UTF-8"?>
<!-- Generated by org.testng.reporters.JUnitReportReporter -->
<testsuite hostname="DESKTOP-4741PMD" failures="0" tests="2" name="androidEmulator.ProductOutgoing" time="30.518" errors="0" timestamp="2021-07-16T20:43:53 WIB" skipped="0">
  <testcase classname="androidEmulator.ProductOutgoing" name="login" time="5.348"/>
  <system-out/>
  <testcase classname="androidEmulator.ProductOutgoing" name="outgoing" time="25.170"/>
  <system-out/>
</testsuite> <!-- androidEmulator.ProductOutgoing -->
