<?xml version="1.0" encoding="UTF-8"?>
<!-- Generated by org.testng.reporters.JUnitReportReporter -->
<testsuite hostname="DESKTOP-4741PMD" failures="0" tests="2" name="androidEmulator.ProductOutgoing" time="47.305" errors="0" timestamp="2021-06-28T14:19:43 WIB" skipped="0">
  <testcase classname="androidEmulator.ProductOutgoing" name="login" time="11.620"/>
  <system-out/>
  <testcase classname="androidEmulator.ProductOutgoing" name="outgoing" time="35.685"/>
  <system-out/>
</testsuite> <!-- androidEmulator.ProductOutgoing -->
