<?xml version="1.0" encoding="UTF-8"?>
<!-- Generated by org.testng.reporters.JUnitReportReporter -->
<testsuite hostname="DESKTOP-4741PMD" failures="0" tests="2" name="menuKategoriAndProduct.AddKategoriAndProductSingle" time="44.447" errors="0" timestamp="2021-07-05T17:39:26 WIB" skipped="0">
  <testcase classname="menuKategoriAndProduct.AddKategoriAndProductSingle" name="loginAdmin" time="28.612"/>
  <system-out/>
  <testcase classname="menuKategoriAndProduct.AddKategoriAndProductSingle" name="addKategoriproduct" time="15.835"/>
  <system-out/>
</testsuite> <!-- menuKategoriAndProduct.AddKategoriAndProductSingle -->
