<?xml version="1.0" encoding="UTF-8"?>
<!-- Generated by org.testng.reporters.JUnitReportReporter -->
<testsuite hostname="DESKTOP-4741PMD" failures="0" tests="2" name="menuUsers.AddUsers" time="15.578" errors="0" timestamp="2021-07-09T10:06:34 WIB" skipped="0">
  <testcase classname="menuUsers.AddUsers" name="loginAdmin" time="4.182"/>
  <system-out/>
  <testcase classname="menuUsers.AddUsers" name="createUser" time="11.396"/>
  <system-out/>
</testsuite> <!-- menuUsers.AddUsers -->
