<?xml version="1.0" encoding="UTF-8"?>
<!-- Generated by org.testng.reporters.JUnitReportReporter -->
<testsuite hostname="DESKTOP-4741PMD" failures="0" tests="2" name="androidEmulator.ProductOutgoing" time="87.130" errors="0" timestamp="2021-07-08T14:09:51 WIB" skipped="0">
  <testcase classname="androidEmulator.ProductOutgoing" name="login" time="24.664"/>
  <system-out/>
  <testcase classname="androidEmulator.ProductOutgoing" name="outgoing" time="62.466"/>
  <system-out/>
</testsuite> <!-- androidEmulator.ProductOutgoing -->
