<?xml version="1.0" encoding="UTF-8"?>
<!-- Generated by org.testng.reporters.JUnitReportReporter -->
<testsuite hostname="DESKTOP-4741PMD" failures="0" tests="2" name="menuKategoriAndProduct.AddKategoriAndProductSingle" time="23.259" errors="0" timestamp="2021-07-09T13:40:22 WIB" skipped="0">
  <testcase classname="menuKategoriAndProduct.AddKategoriAndProductSingle" name="loginAdmin" time="2.813"/>
  <system-out/>
  <testcase classname="menuKategoriAndProduct.AddKategoriAndProductSingle" name="addKategoriproduct" time="20.446"/>
  <system-out/>
</testsuite> <!-- menuKategoriAndProduct.AddKategoriAndProductSingle -->
