<?xml version="1.0" encoding="UTF-8"?>
<!-- Generated by org.testng.reporters.JUnitReportReporter -->
<testsuite skipped="0" hostname="DESKTOP-4741PMD" name="menuUsers.AddUsers" tests="2" failures="0" timestamp="2021-07-16T12:14:33 ICT" time="13.224" errors="0">
  <testcase name="loginAdmin" time="3.190" classname="menuUsers.AddUsers"/>
  <system-out/>
  <testcase name="createUser" time="10.034" classname="menuUsers.AddUsers"/>
  <system-out/>
</testsuite> <!-- menuUsers.AddUsers -->
