<?xml version="1.0" encoding="UTF-8"?>
<!-- Generated by org.testng.reporters.JUnitReportReporter -->
<testsuite skipped="0" hostname="DESKTOP-4741PMD" name="menuUsers.AddUsers" tests="2" failures="0" timestamp="2021-07-16T22:14:36 ICT" time="31.371" errors="0">
  <testcase name="loginAdmin" time="21.564" classname="menuUsers.AddUsers"/>
  <system-out/>
  <testcase name="createUser" time="9.807" classname="menuUsers.AddUsers"/>
  <system-out/>
</testsuite> <!-- menuUsers.AddUsers -->
