<?xml version="1.0" encoding="UTF-8"?>
<!-- Generated by org.testng.reporters.JUnitReportReporter -->
<testsuite hostname="DESKTOP-4741PMD" failures="0" tests="2" name="menuKategoriAndProduct.AddKategoriAndProductBulk" time="165.961" errors="0" timestamp="2021-07-05T22:15:24 WIB" skipped="0">
  <testcase classname="menuKategoriAndProduct.AddKategoriAndProductBulk" name="loginAdmin" time="2.651"/>
  <system-out/>
  <testcase classname="menuKategoriAndProduct.AddKategoriAndProductBulk" name="addKategoriproduct" time="163.310"/>
  <system-out/>
</testsuite> <!-- menuKategoriAndProduct.AddKategoriAndProductBulk -->
