<?xml version="1.0" encoding="UTF-8"?>
<!-- Generated by org.testng.reporters.JUnitReportReporter -->
<testsuite skipped="0" hostname="DESKTOP-4741PMD" name="menuKategoriAndProduct.AddKategoriAndProductSingle" tests="2" failures="0" timestamp="2021-07-16T22:14:36 ICT" time="22.718" errors="0">
  <testcase name="loginAdmin" time="3.993" classname="menuKategoriAndProduct.AddKategoriAndProductSingle"/>
  <system-out/>
  <testcase name="addKategoriproduct" time="18.725" classname="menuKategoriAndProduct.AddKategoriAndProductSingle"/>
  <system-out/>
</testsuite> <!-- menuKategoriAndProduct.AddKategoriAndProductSingle -->
