<?xml version="1.0" encoding="UTF-8"?>
<!-- Generated by org.testng.reporters.JUnitReportReporter -->
<testsuite skipped="0" hostname="DESKTOP-4741PMD" name="menuUsers.AddUserBulk" tests="2" failures="0" timestamp="2021-07-16T22:14:36 ICT" time="86.971" errors="0">
  <testcase name="loginAdmin" time="6.181" classname="menuUsers.AddUserBulk"/>
  <system-out/>
  <testcase name="createUser" time="80.790" classname="menuUsers.AddUserBulk"/>
  <system-out/>
</testsuite> <!-- menuUsers.AddUserBulk -->
