<?xml version="1.0" encoding="UTF-8"?>
<!-- Generated by org.testng.reporters.JUnitReportReporter -->
<testsuite skipped="0" hostname="DESKTOP-4741PMD" name="menuUsers.AddUserBulk" tests="2" failures="0" timestamp="2021-07-17T00:22:26 ICT" time="84.990" errors="0">
  <testcase name="loginAdmin" time="3.999" classname="menuUsers.AddUserBulk"/>
  <system-out/>
  <testcase name="createUser" time="80.991" classname="menuUsers.AddUserBulk"/>
  <system-out/>
</testsuite> <!-- menuUsers.AddUserBulk -->
