<?xml version="1.0" encoding="UTF-8"?>
<!-- Generated by org.testng.reporters.JUnitReportReporter -->
<testsuite skipped="0" hostname="DESKTOP-4741PMD" name="androidEmulator.ProductOutgoing" tests="2" failures="0" timestamp="2021-07-17T19:31:03 ICT" time="53.944" errors="0">
  <testcase name="login" time="20.090" classname="androidEmulator.ProductOutgoing"/>
  <system-out/>
  <testcase name="outgoing" time="33.854" classname="androidEmulator.ProductOutgoing"/>
  <system-out/>
</testsuite> <!-- androidEmulator.ProductOutgoing -->
