<?xml version="1.0" encoding="UTF-8"?>
<!-- Generated by org.testng.reporters.JUnitReportReporter -->
<testsuite skipped="0" hostname="DESKTOP-4741PMD" name="menuUsers.AddUserBulk" tests="2" failures="0" timestamp="2021-07-17T19:31:03 ICT" time="73.628" errors="0">
  <testcase name="loginAdmin" time="3.127" classname="menuUsers.AddUserBulk"/>
  <system-out/>
  <testcase name="createUser" time="70.501" classname="menuUsers.AddUserBulk"/>
  <system-out/>
</testsuite> <!-- menuUsers.AddUserBulk -->
