<?xml version="1.0" encoding="UTF-8"?>
<!-- Generated by org.testng.reporters.JUnitReportReporter -->
<testsuite skipped="0" hostname="DESKTOP-4741PMD" name="androidEmulator.ProductOutgoing" tests="2" failures="0" timestamp="2021-07-16T22:14:36 ICT" time="39.499" errors="0">
  <testcase name="login" time="8.333" classname="androidEmulator.ProductOutgoing"/>
  <system-out/>
  <testcase name="outgoing" time="31.166" classname="androidEmulator.ProductOutgoing"/>
  <system-out/>
</testsuite> <!-- androidEmulator.ProductOutgoing -->
