<?xml version="1.0" encoding="UTF-8"?>
<!-- Generated by org.testng.reporters.JUnitReportReporter -->
<testsuite skipped="0" hostname="DESKTOP-4741PMD" name="androidEmulator.ProductOutgoing" tests="2" failures="0" timestamp="2021-07-17T00:22:26 ICT" time="33.745" errors="0">
  <testcase name="login" time="6.198" classname="androidEmulator.ProductOutgoing"/>
  <system-out/>
  <testcase name="outgoing" time="27.547" classname="androidEmulator.ProductOutgoing"/>
  <system-out/>
</testsuite> <!-- androidEmulator.ProductOutgoing -->
