<?xml version="1.0" encoding="UTF-8"?>
<!-- Generated by org.testng.reporters.JUnitReportReporter -->
<testsuite hostname="DESKTOP-4741PMD" failures="0" tests="2" name="menuUsers.AddUserBulk" time="102.016" errors="0" timestamp="2021-07-05T22:15:24 WIB" skipped="0">
  <testcase classname="menuUsers.AddUserBulk" name="loginAdmin" time="19.238"/>
  <system-out/>
  <testcase classname="menuUsers.AddUserBulk" name="createUser" time="82.778"/>
  <system-out/>
</testsuite> <!-- menuUsers.AddUserBulk -->
