<?xml version="1.0" encoding="UTF-8"?>
<!-- Generated by org.testng.reporters.JUnitReportReporter -->
<testsuite skipped="0" hostname="DESKTOP-4741PMD" name="menuKategoriAndProduct.AddKategoriAndProductBulk" tests="2" failures="0" timestamp="2021-07-16T22:14:36 ICT" time="199.338" errors="0">
  <testcase name="loginAdmin" time="3.172" classname="menuKategoriAndProduct.AddKategoriAndProductBulk"/>
  <system-out/>
  <testcase name="addKategoriproduct" time="196.166" classname="menuKategoriAndProduct.AddKategoriAndProductBulk"/>
  <system-out/>
</testsuite> <!-- menuKategoriAndProduct.AddKategoriAndProductBulk -->
