<?xml version="1.0" encoding="UTF-8"?>
<!-- Generated by org.testng.reporters.JUnitReportReporter -->
<testsuite skipped="0" hostname="DESKTOP-4741PMD" name="menuUsers.AddUsers" tests="2" failures="0" timestamp="2021-07-16T11:05:48 ICT" time="45.312" errors="0">
  <testcase name="loginAdmin" time="33.331" classname="menuUsers.AddUsers"/>
  <system-out/>
  <testcase name="createUser" time="11.981" classname="menuUsers.AddUsers"/>
  <system-out/>
</testsuite> <!-- menuUsers.AddUsers -->
