<?xml version="1.0" encoding="UTF-8"?>
<!-- Generated by org.testng.reporters.JUnitReportReporter -->
<testsuite skipped="0" hostname="DESKTOP-4741PMD" name="menuUsers.AddUsers" tests="2" failures="0" timestamp="2021-07-16T17:16:36 ICT" time="33.132" errors="0">
  <testcase name="loginAdmin" time="20.022" classname="menuUsers.AddUsers"/>
  <system-out/>
  <testcase name="createUser" time="13.110" classname="menuUsers.AddUsers"/>
  <system-out/>
</testsuite> <!-- menuUsers.AddUsers -->
