<?xml version="1.0" encoding="UTF-8"?>
<!-- Generated by org.testng.reporters.JUnitReportReporter -->
<testsuite skipped="0" hostname="DESKTOP-4741PMD" name="menuKategoriAndProduct.AddKategoriAndProductBulk" tests="2" failures="0" timestamp="2021-07-17T19:31:03 ICT" time="183.564" errors="0">
  <testcase name="loginAdmin" time="2.239" classname="menuKategoriAndProduct.AddKategoriAndProductBulk"/>
  <system-out/>
  <testcase name="addKategoriproduct" time="181.325" classname="menuKategoriAndProduct.AddKategoriAndProductBulk"/>
  <system-out/>
</testsuite> <!-- menuKategoriAndProduct.AddKategoriAndProductBulk -->
