<?xml version="1.0" encoding="UTF-8"?>
<!-- Generated by org.testng.reporters.JUnitReportReporter -->
<testsuite skipped="0" hostname="DESKTOP-4741PMD" name="menuUsers.AddUsers" tests="2" failures="0" timestamp="2021-07-16T13:22:35 ICT" time="15.804" errors="0">
  <testcase name="loginAdmin" time="4.203" classname="menuUsers.AddUsers"/>
  <system-out/>
  <testcase name="createUser" time="11.601" classname="menuUsers.AddUsers"/>
  <system-out/>
</testsuite> <!-- menuUsers.AddUsers -->
